<?xml version="1.0" encoding="UTF-8"?>
<testsuite name="anagrams.BottomLettersTests" tests="1" skipped="0" failures="0" errors="0" timestamp="2022-12-05T02:33:38" hostname="Please-Get-Off-My-Spotify.local" time="0.588">
  <properties/>
  <testcase name="TestConstructor" classname="anagrams.BottomLettersTests" time="0.588"/>
  <system-out><![CDATA[]]></system-out>
  <system-err><![CDATA[]]></system-err>
</testsuite>
